<?xml version="1.0" encoding="UTF-8" ?>
<testsuite failures="0" time="3.477" errors="0" skipped="0" tests="5" name="org.softlang.gremlinWrapper.test.WrapperTest">
  <properties>
[...]
</properties>
  <testcase time="2.671" classname="org.softlang.gremlinWrapper.test.WrapperTest" name="testIsResPage1"/>
  <testcase time="0.001" classname="org.softlang.gremlinWrapper.test.WrapperTest" name="testIsResPage2"/>
  <testcase time="0.379" classname="org.softlang.gremlinWrapper.test.WrapperTest" name="testGetVertex"/>
  <testcase time="0.198" classname="org.softlang.gremlinWrapper.test.WrapperTest" name="testExploreIn"/>
  <testcase time="0.128" classname="org.softlang.gremlinWrapper.test.WrapperTest" name="testExploreOut"/>
</testsuite>